2022-05-14-00-47 [main] [com.example.tms.TmsApplication] [INFO] - Starting TmsApplication using Java 11.0.15 on PS2021EEJKWOWO with PID 1116 (D:\code\TMS\target\classes started by Admin in D:\code\TMS)
  2022-05-14-00-47 [main] [com.example.tms.TmsApplication] [INFO] - No active profile set, falling back to 1 default profile: "default"
  2022-05-14-00-47 [main] [org.springframework.data.repository.config.RepositoryConfigurationDelegate] [INFO] - Bootstrapping Spring Data JPA repositories in DEFAULT mode.
  2022-05-14-00-47 [main] [org.springframework.data.repository.config.RepositoryConfigurationDelegate] [INFO] - Finished Spring Data repository scanning in 3 ms. Found 0 JPA repository interfaces.
  2022-05-14-00-47 [main] [org.mybatis.spring.mapper.ClassPathMapperScanner] [WARN] - No MyBatis mapper was found in '[com.example.tms]' package. Please check your configuration.
  2022-05-14-00-47 [main] [org.springframework.boot.web.embedded.tomcat.TomcatWebServer] [INFO] - Tomcat initialized with port(s): 8080 (http)
  2022-05-14-00-47 [main] [org.springframework.boot.web.servlet.context.ServletWebServerApplicationContext] [INFO] - Root WebApplicationContext: initialization completed in 1013 ms
  2022-05-14-00-47 [main] [com.alibaba.druid.pool.DruidDataSource] [INFO] - {dataSource-1} inited
  2022-05-14-00-47 [main] [org.hibernate.Version] [INFO] - HHH000412: Hibernate ORM core version 5.6.8.Final
  2022-05-14-00-47 [main] [org.hibernate.annotations.common.Version] [INFO] - HCANN000001: Hibernate Commons Annotations {5.1.2.Final}
  2022-05-14-00-47 [main] [org.hibernate.dialect.Dialect] [INFO] - HHH000400: Using dialect: org.hibernate.dialect.MySQL57Dialect
  2022-05-14-00-47 [main] [org.hibernate.engine.transaction.jta.platform.internal.JtaPlatformInitiator] [INFO] - HHH000490: Using JtaPlatform implementation: [org.hibernate.engine.transaction.jta.platform.internal.NoJtaPlatform]
  2022-05-14-00-47 [main] [org.springframework.orm.jpa.LocalContainerEntityManagerFactoryBean] [INFO] - Initialized JPA EntityManagerFactory for persistence unit 'default'
  2022-05-14-00-47 [main] [org.springframework.boot.autoconfigure.orm.jpa.JpaBaseConfiguration$JpaWebConfiguration] [WARN] - spring.jpa.open-in-view is enabled by default. Therefore, database queries may be performed during view rendering. Explicitly configure spring.jpa.open-in-view to disable this warning
  2022-05-14-00-47 [main] [org.springframework.boot.web.embedded.tomcat.TomcatWebServer] [INFO] - Tomcat started on port(s): 8080 (http) with context path ''
  2022-05-14-00-47 [main] [com.example.tms.TmsApplication] [INFO] - Started TmsApplication in 2.419 seconds (JVM running for 3.012)
  2022-05-14-00-49 [SpringApplicationShutdownHook] [org.springframework.orm.jpa.LocalContainerEntityManagerFactoryBean] [INFO] - Closing JPA EntityManagerFactory for persistence unit 'default'
  2022-05-14-00-49 [SpringApplicationShutdownHook] [com.alibaba.druid.pool.DruidDataSource] [INFO] - {dataSource-1} closing ...
  2022-05-14-00-49 [SpringApplicationShutdownHook] [com.alibaba.druid.pool.DruidDataSource] [INFO] - {dataSource-1} closed
  2022-05-14-00-49 [main] [com.example.tms.TmsApplication] [INFO] - Starting TmsApplication using Java 11.0.15 on PS2021EEJKWOWO with PID 2160 (D:\code\TMS\target\classes started by Admin in D:\code\TMS)
  2022-05-14-00-49 [main] [com.example.tms.TmsApplication] [INFO] - No active profile set, falling back to 1 default profile: "default"
  2022-05-14-00-49 [main] [org.springframework.data.repository.config.RepositoryConfigurationDelegate] [INFO] - Bootstrapping Spring Data JPA repositories in DEFAULT mode.
  2022-05-14-00-49 [main] [org.springframework.data.repository.config.RepositoryConfigurationDelegate] [INFO] - Finished Spring Data repository scanning in 3 ms. Found 0 JPA repository interfaces.
  2022-05-14-00-49 [main] [org.mybatis.spring.mapper.ClassPathMapperScanner] [WARN] - No MyBatis mapper was found in '[com.example.tms]' package. Please check your configuration.
  2022-05-14-00-49 [main] [org.springframework.boot.web.embedded.tomcat.TomcatWebServer] [INFO] - Tomcat initialized with port(s): 8080 (http)
  2022-05-14-00-49 [main] [org.springframework.boot.web.servlet.context.ServletWebServerApplicationContext] [INFO] - Root WebApplicationContext: initialization completed in 976 ms
  2022-05-14-00-49 [main] [com.alibaba.druid.pool.DruidDataSource] [INFO] - {dataSource-1} inited
  2022-05-14-00-49 [main] [org.hibernate.Version] [INFO] - HHH000412: Hibernate ORM core version 5.6.8.Final
  2022-05-14-00-49 [main] [org.hibernate.annotations.common.Version] [INFO] - HCANN000001: Hibernate Commons Annotations {5.1.2.Final}
  2022-05-14-00-49 [main] [org.hibernate.dialect.Dialect] [INFO] - HHH000400: Using dialect: org.hibernate.dialect.MySQL57Dialect
  2022-05-14-00-49 [main] [org.hibernate.engine.transaction.jta.platform.internal.JtaPlatformInitiator] [INFO] - HHH000490: Using JtaPlatform implementation: [org.hibernate.engine.transaction.jta.platform.internal.NoJtaPlatform]
  2022-05-14-00-49 [main] [org.springframework.orm.jpa.LocalContainerEntityManagerFactoryBean] [INFO] - Initialized JPA EntityManagerFactory for persistence unit 'default'
  2022-05-14-00-49 [main] [org.springframework.boot.autoconfigure.orm.jpa.JpaBaseConfiguration$JpaWebConfiguration] [WARN] - spring.jpa.open-in-view is enabled by default. Therefore, database queries may be performed during view rendering. Explicitly configure spring.jpa.open-in-view to disable this warning
  2022-05-14-00-49 [main] [org.springframework.boot.web.embedded.tomcat.TomcatWebServer] [INFO] - Tomcat started on port(s): 8080 (http) with context path ''
  2022-05-14-00-49 [main] [com.example.tms.TmsApplication] [INFO] - Started TmsApplication in 2.35 seconds (JVM running for 2.936)
  2022-05-14-00-50 [SpringApplicationShutdownHook] [org.springframework.orm.jpa.LocalContainerEntityManagerFactoryBean] [INFO] - Closing JPA EntityManagerFactory for persistence unit 'default'
  2022-05-14-00-50 [SpringApplicationShutdownHook] [com.alibaba.druid.pool.DruidDataSource] [INFO] - {dataSource-1} closing ...
  2022-05-14-00-50 [SpringApplicationShutdownHook] [com.alibaba.druid.pool.DruidDataSource] [INFO] - {dataSource-1} closed
  2022-05-14-00-50 [main] [com.example.tms.TmsApplication] [INFO] - Starting TmsApplication using Java 11.0.15 on PS2021EEJKWOWO with PID 7476 (D:\code\TMS\target\classes started by Admin in D:\code\TMS)
  2022-05-14-00-50 [main] [com.example.tms.TmsApplication] [INFO] - No active profile set, falling back to 1 default profile: "default"
  2022-05-14-00-50 [main] [org.springframework.data.repository.config.RepositoryConfigurationDelegate] [INFO] - Bootstrapping Spring Data JPA repositories in DEFAULT mode.
  2022-05-14-00-50 [main] [org.springframework.data.repository.config.RepositoryConfigurationDelegate] [INFO] - Finished Spring Data repository scanning in 3 ms. Found 0 JPA repository interfaces.
  2022-05-14-00-50 [main] [org.mybatis.spring.mapper.ClassPathMapperScanner] [WARN] - No MyBatis mapper was found in '[com.example.tms]' package. Please check your configuration.
  2022-05-14-00-50 [main] [org.springframework.boot.web.embedded.tomcat.TomcatWebServer] [INFO] - Tomcat initialized with port(s): 8080 (http)
  2022-05-14-00-50 [main] [org.springframework.boot.web.servlet.context.ServletWebServerApplicationContext] [INFO] - Root WebApplicationContext: initialization completed in 967 ms
  2022-05-14-00-50 [main] [com.alibaba.druid.pool.DruidDataSource] [INFO] - {dataSource-1} inited
  2022-05-14-00-50 [main] [org.hibernate.Version] [INFO] - HHH000412: Hibernate ORM core version 5.6.8.Final
  2022-05-14-00-50 [main] [org.hibernate.annotations.common.Version] [INFO] - HCANN000001: Hibernate Commons Annotations {5.1.2.Final}
  2022-05-14-00-50 [main] [org.hibernate.dialect.Dialect] [INFO] - HHH000400: Using dialect: org.hibernate.dialect.MySQL57Dialect
  2022-05-14-00-50 [main] [org.hibernate.engine.transaction.jta.platform.internal.JtaPlatformInitiator] [INFO] - HHH000490: Using JtaPlatform implementation: [org.hibernate.engine.transaction.jta.platform.internal.NoJtaPlatform]
  2022-05-14-00-50 [main] [org.springframework.orm.jpa.LocalContainerEntityManagerFactoryBean] [INFO] - Initialized JPA EntityManagerFactory for persistence unit 'default'
  2022-05-14-00-50 [main] [org.springframework.boot.autoconfigure.orm.jpa.JpaBaseConfiguration$JpaWebConfiguration] [WARN] - spring.jpa.open-in-view is enabled by default. Therefore, database queries may be performed during view rendering. Explicitly configure spring.jpa.open-in-view to disable this warning
  2022-05-14-00-50 [main] [org.springframework.boot.web.embedded.tomcat.TomcatWebServer] [INFO] - Tomcat started on port(s): 8080 (http) with context path ''
  2022-05-14-00-50 [main] [com.example.tms.TmsApplication] [INFO] - Started TmsApplication in 2.319 seconds (JVM running for 2.891)
  2022-05-14-00-51 [http-nio-8080-exec-1] [org.springframework.web.servlet.DispatcherServlet] [INFO] - Initializing Servlet 'dispatcherServlet'
  2022-05-14-00-51 [http-nio-8080-exec-1] [org.springframework.web.servlet.DispatcherServlet] [INFO] - Completed initialization in 0 ms
  2022-05-14-00-54 [SpringApplicationShutdownHook] [org.springframework.orm.jpa.LocalContainerEntityManagerFactoryBean] [INFO] - Closing JPA EntityManagerFactory for persistence unit 'default'
  2022-05-14-00-54 [SpringApplicationShutdownHook] [com.alibaba.druid.pool.DruidDataSource] [INFO] - {dataSource-1} closing ...
  2022-05-14-00-54 [SpringApplicationShutdownHook] [com.alibaba.druid.pool.DruidDataSource] [INFO] - {dataSource-1} closed
  